Arguments: 
  /home/wenner/.nvm/versions/node/v14.12.0/bin/node /home/wenner/.nvm/versions/node/v14.12.0/bin/yarn add express pg ph-hstore sequelize

PATH: 
  /home/wenner/.asdf/shims:/home/wenner/.asdf/bin:/home/wenner/.nvm/versions/node/v14.12.0/bin:/home/wenner/.poetry/bin:/home/wenner/.local/bin:/usr/local/sbin:/usr/local/bin:/usr/sbin:/usr/bin:/sbin:/bin:/usr/games:/usr/local/games:/snap/bin

Yarn version: 
  1.22.10

Node version: 
  14.12.0

Platform: 
  linux x64

Trace: 
  Error: https://registry.yarnpkg.com/ph-hstore: Not found
      at Request.params.callback [as _callback] (/home/wenner/.nvm/versions/node/v14.12.0/lib/node_modules/yarn/lib/cli.js:66988:18)
      at Request.self.callback (/home/wenner/.nvm/versions/node/v14.12.0/lib/node_modules/yarn/lib/cli.js:140662:22)
      at Request.emit (events.js:314:20)
      at Request.<anonymous> (/home/wenner/.nvm/versions/node/v14.12.0/lib/node_modules/yarn/lib/cli.js:141634:10)
      at Request.emit (events.js:314:20)
      at IncomingMessage.<anonymous> (/home/wenner/.nvm/versions/node/v14.12.0/lib/node_modules/yarn/lib/cli.js:141556:12)
      at Object.onceWrapper (events.js:420:28)
      at IncomingMessage.emit (events.js:326:22)
      at endReadableNT (_stream_readable.js:1252:12)
      at processTicksAndRejections (internal/process/task_queues.js:80:21)

npm manifest: 
  No manifest

yarn manifest: 
  No manifest

Lockfile: 
  No lockfile
